{
  "stats": {
    "suites": 2,
    "tests": 1,
    "passes": 1,
    "pending": 0,
    "failures": 0,
    "start": "2023-05-18T17:10:26.739Z",
    "end": "2023-05-18T17:10:26.744Z",
    "duration": 5,
    "testsRegistered": 1,
    "passPercent": 100,
    "pendingPercent": 0,
    "other": 0,
    "hasOther": false,
    "skipped": 0,
    "hasSkipped": false
  },
  "results": [
    {
      "uuid": "481f0de6-4ae2-40c0-a9e2-de7e1a17342d",
      "title": "",
      "fullFile": "C:\\Users\\mano_\\Desktop\\dox\\tec-dox\\fj23\\tc3005b\\Kiara\\test\\1_app.test.js",
      "file": "\\test\\1_app.test.js",
      "beforeHooks": [],
      "afterHooks": [],
      "tests": [],
      "suites": [
        {
          "uuid": "cdcc6f48-161e-4953-a34c-6b1bc296c9e7",
          "title": "Server configurartion",
          "fullFile": "C:\\Users\\mano_\\Desktop\\dox\\tec-dox\\fj23\\tc3005b\\Kiara\\test\\1_app.test.js",
          "file": "\\test\\1_app.test.js",
          "beforeHooks": [],
          "afterHooks": [],
          "tests": [],
          "suites": [
            {
              "uuid": "9dc6e5d7-c102-4e8a-a789-365c83153959",
              "title": "Test Environment",
              "fullFile": "C:\\Users\\mano_\\Desktop\\dox\\tec-dox\\fj23\\tc3005b\\Kiara\\test\\1_app.test.js",
              "file": "\\test\\1_app.test.js",
              "beforeHooks": [],
              "afterHooks": [],
              "tests": [
                {
                  "title": "Correct Environment",
                  "fullTitle": "Server configurartion Test Environment Correct Environment",
                  "timedOut": false,
                  "duration": 1,
                  "state": "passed",
                  "speed": "fast",
                  "pass": true,
                  "fail": false,
                  "pending": false,
                  "context": null,
                  "code": "assert.equal(app.locals.settings.loc_env, TESTING_ENVIRONMENT.LOC_ENV, 'Environment should be')\ndone()",
                  "err": {},
                  "uuid": "94a7c6ed-5c6a-4146-a887-a4682350fb84",
                  "parentUUID": "9dc6e5d7-c102-4e8a-a789-365c83153959",
                  "isHook": false,
                  "skipped": false
                }
              ],
              "suites": [],
              "passes": [
                "94a7c6ed-5c6a-4146-a887-a4682350fb84"
              ],
              "failures": [],
              "pending": [],
              "skipped": [],
              "duration": 1,
              "root": false,
              "rootEmpty": false,
              "_timeout": 10000
            }
          ],
          "passes": [],
          "failures": [],
          "pending": [],
          "skipped": [],
          "duration": 0,
          "root": false,
          "rootEmpty": false,
          "_timeout": 10000
        }
      ],
      "passes": [],
      "failures": [],
      "pending": [],
      "skipped": [],
      "duration": 0,
      "root": true,
      "rootEmpty": true,
      "_timeout": 10000
    }
  ],
  "meta": {
    "mocha": {
      "version": "10.2.0"
    },
    "mochawesome": {
      "options": {
        "quiet": false,
        "reportFilename": "mochawesome",
        "saveHtml": true,
        "saveJson": true,
        "consoleReporter": "spec",
        "useInlineDiffs": false,
        "code": true
      },
      "version": "7.1.3"
    },
    "marge": {
      "options": null,
      "version": "6.2.0"
    }
  }
}